<!DOCTYPE html PUBLIC "-//W3C//DTD XHTML 1.1//EN" "https://www.w3.org/TR/xhtml11/DTD/xhtml11.dtd">
<html xmlns="https://www.w3.org/1999/xhtml">
<head>
<meta http-equiv="content-type" content="text/html; charset=UTF-8"/>
<title>TestNG Report</title>
<style type="text/css">table {margin-bottom:10px;border-collapse:collapse;empty-cells:show}th,td {border:1px solid #009;padding:.25em .5em}th {vertical-align:bottom}td {vertical-align:top}table a {font-weight:bold}.stripe td {background-color: #E6EBF9}.num {text-align:right}.passedodd td {background-color: #3F3}.passedeven td {background-color: #0A0}.skippedodd td {background-color: #DDD}.skippedeven td {background-color: #CCC}.failedodd td,.attn {background-color: #F33}.failedeven td,.stripe .attn {background-color: #D00}.stacktrace {white-space:pre;font-family:monospace}.totop {font-size:85%;text-align:center;border-bottom:2px solid #000}.invisible {display:none}</style>
</head>
<body>
<table>
<tr><th>Test</th><th># Passed</th><th># Skipped</th><th># Retried</th><th># Failed</th><th>Time (ms)</th><th>Included Groups</th><th>Excluded Groups</th></tr>
<tr><th colspan="8">Suite</th></tr>
<tr><td><a href="#t0">Test</a></td><td class="num">0</td><td class="num attn">4</td><td class="num">0</td><td class="num">0</td><td class="num">394</td><td></td><td></td></tr>
</table>
<table id='summary'><thead><tr><th>Class</th><th>Method</th><th>Start</th><th>Time (ms)</th></tr></thead><tbody><tr><th colspan="4">Suite</th></tr></tbody><tbody id="t0"><tr><th colspan="4">Test &#8212; failed (configuration methods)</th></tr><tr class="failedeven"><td rowspan="1">Com.Amazon.TestClasses.TestNG.TC001_VerifyLoginFunctionalityTestClass</td><td><a href="#m0">browserlaunch</a></td><td rowspan="1">1659599594564</td><td rowspan="1">133</td></tr><tr class="failedodd"><td rowspan="1">Com.Amazon.TestClasses.TestNG.TC002_VerifyAddToCartFunctionality</td><td><a href="#m1">browserlaunch</a></td><td rowspan="1">1659599594756</td><td rowspan="1">13</td></tr><tr class="failedeven"><td rowspan="1">Com.Amazon.TestClasses.TestNG.TC003_VerifyAmazonPayFunctionality</td><td><a href="#m2">browserlaunch</a></td><td rowspan="1">1659599594820</td><td rowspan="1">18</td></tr><tr class="failedodd"><td rowspan="1">Com.Amazon.TestClasses.TestNG.TC004_VerifyLogoutFunctionalityTestClass</td><td><a href="#m3">browserlaunch</a></td><td rowspan="1">1659599594875</td><td rowspan="1">16</td></tr><tr><th colspan="4">Test &#8212; skipped (configuration methods)</th></tr><tr class="skippedeven"><td rowspan="3">Com.Amazon.TestClasses.TestNG.TC001_VerifyLoginFunctionalityTestClass</td><td><a href="#m4">logot</a></td><td rowspan="1">1659599594748</td><td rowspan="1">-1659599594748</td></tr><tr class="skippedeven"><td><a href="#m5">setupMethod</a></td><td rowspan="1">1659599594733</td><td rowspan="1">-1659599594733</td></tr><tr class="skippedeven"><td><a href="#m6">teardown</a></td><td rowspan="1">1659599594751</td><td rowspan="1">-1659599594751</td></tr><tr class="skippedodd"><td rowspan="3">Com.Amazon.TestClasses.TestNG.TC002_VerifyAddToCartFunctionality</td><td><a href="#m7">logot</a></td><td rowspan="1">1659599594802</td><td rowspan="1">-1659599594802</td></tr><tr class="skippedodd"><td><a href="#m8">setupMethod</a></td><td rowspan="1">1659599594776</td><td rowspan="1">-1659599594776</td></tr><tr class="skippedodd"><td><a href="#m9">teardown</a></td><td rowspan="1">1659599594815</td><td rowspan="1">-1659599594815</td></tr><tr class="skippedeven"><td rowspan="3">Com.Amazon.TestClasses.TestNG.TC003_VerifyAmazonPayFunctionality</td><td><a href="#m10">logot</a></td><td rowspan="1">1659599594866</td><td rowspan="1">-1659599594866</td></tr><tr class="skippedeven"><td><a href="#m11">setupMethod</a></td><td rowspan="1">1659599594845</td><td rowspan="1">-1659599594845</td></tr><tr class="skippedeven"><td><a href="#m12">teardown</a></td><td rowspan="1">1659599594869</td><td rowspan="1">-1659599594869</td></tr><tr class="skippedodd"><td rowspan="3">Com.Amazon.TestClasses.TestNG.TC004_VerifyLogoutFunctionalityTestClass</td><td><a href="#m13">logot</a></td><td rowspan="1">1659599594906</td><td rowspan="1">-1659599594906</td></tr><tr class="skippedodd"><td><a href="#m14">setupMethod</a></td><td rowspan="1">1659599594897</td><td rowspan="1">-1659599594897</td></tr><tr class="skippedodd"><td><a href="#m15">teardown</a></td><td rowspan="1">1659599594907</td><td rowspan="1">-1659599594907</td></tr><tr><th colspan="4">Test &#8212; skipped</th></tr><tr class="skippedeven"><td rowspan="1">Com.Amazon.TestClasses.TestNG.TC001_VerifyLoginFunctionalityTestClass</td><td><a href="#m16">loginFuncionality</a></td><td rowspan="1">1659599594737</td><td rowspan="1">0</td></tr><tr class="skippedodd"><td rowspan="1">Com.Amazon.TestClasses.TestNG.TC002_VerifyAddToCartFunctionality</td><td><a href="#m17">AddTocart</a></td><td rowspan="1">1659599594779</td><td rowspan="1">0</td></tr><tr class="skippedeven"><td rowspan="1">Com.Amazon.TestClasses.TestNG.TC003_VerifyAmazonPayFunctionality</td><td><a href="#m18">amazonPay</a></td><td rowspan="1">1659599594848</td><td rowspan="1">0</td></tr><tr class="skippedodd"><td rowspan="1">Com.Amazon.TestClasses.TestNG.TC004_VerifyLogoutFunctionalityTestClass</td><td><a href="#m19">logoutFunctionality</a></td><td rowspan="1">1659599594901</td><td rowspan="1">0</td></tr></tbody>
</table>
<h2>Test</h2><h3 id="m0">Com.Amazon.TestClasses.TestNG.TC001_VerifyLoginFunctionalityTestClass#browserlaunch</h3><table class="result"><tr class="param"><th>Parameter #1</th></tr><tr class="param stripe"><td>firefox</td></tr><tr><th>Exception</th></tr><tr><td><div class="stacktrace">java.lang.IllegalStateException: The driver executable must exist: C:\Users\Mayur Ambekar\eclipse-workspace\Project3_Amazon_Scenarios\Drivers\FirefoxDriver.exe
	at org.openqa.selenium.internal.Require$FileStateChecker.isFile(Require.java:342)
	at org.openqa.selenium.remote.service.DriverService.checkExecutable(DriverService.java:147)
	at org.openqa.selenium.remote.service.DriverService.findExecutable(DriverService.java:142)
	at org.openqa.selenium.firefox.GeckoDriverService.access$100(GeckoDriverService.java:45)
	at org.openqa.selenium.firefox.GeckoDriverService$Builder.findDefaultExecutable(GeckoDriverService.java:181)
	at org.openqa.selenium.remote.service.DriverService$Builder.build(DriverService.java:437)
	at org.openqa.selenium.firefox.GeckoDriverService.createDefaultService(GeckoDriverService.java:94)
	at org.openqa.selenium.firefox.FirefoxDriver.&lt;init&gt;(FirefoxDriver.java:98)
	at org.openqa.selenium.firefox.FirefoxDriver.&lt;init&gt;(FirefoxDriver.java:94)
	at Com.Amazon.TestClasses.TestNG.TestBaseClassAmazon.browserlaunch(TestBaseClassAmazon.java:34)
	at java.base/java.util.ArrayList.forEach(ArrayList.java:1511)
... Removed 23 stack frames</div></td></tr></table><p class="totop"><a href="#summary">back to summary</a></p>
<h3 id="m1">Com.Amazon.TestClasses.TestNG.TC002_VerifyAddToCartFunctionality#browserlaunch</h3><table class="result"><tr class="param"><th>Parameter #1</th></tr><tr class="param stripe"><td>firefox</td></tr><tr><th>Exception</th></tr><tr><td><div class="stacktrace">java.lang.IllegalStateException: The driver executable must exist: C:\Users\Mayur Ambekar\eclipse-workspace\Project3_Amazon_Scenarios\Drivers\FirefoxDriver.exe
	at org.openqa.selenium.internal.Require$FileStateChecker.isFile(Require.java:342)
	at org.openqa.selenium.remote.service.DriverService.checkExecutable(DriverService.java:147)
	at org.openqa.selenium.remote.service.DriverService.findExecutable(DriverService.java:142)
	at org.openqa.selenium.firefox.GeckoDriverService.access$100(GeckoDriverService.java:45)
	at org.openqa.selenium.firefox.GeckoDriverService$Builder.findDefaultExecutable(GeckoDriverService.java:181)
	at org.openqa.selenium.remote.service.DriverService$Builder.build(DriverService.java:437)
	at org.openqa.selenium.firefox.GeckoDriverService.createDefaultService(GeckoDriverService.java:94)
	at org.openqa.selenium.firefox.FirefoxDriver.&lt;init&gt;(FirefoxDriver.java:98)
	at org.openqa.selenium.firefox.FirefoxDriver.&lt;init&gt;(FirefoxDriver.java:94)
	at Com.Amazon.TestClasses.TestNG.TestBaseClassAmazon.browserlaunch(TestBaseClassAmazon.java:34)
	at java.base/java.util.ArrayList.forEach(ArrayList.java:1511)
... Removed 23 stack frames</div></td></tr></table><p class="totop"><a href="#summary">back to summary</a></p>
<h3 id="m2">Com.Amazon.TestClasses.TestNG.TC003_VerifyAmazonPayFunctionality#browserlaunch</h3><table class="result"><tr class="param"><th>Parameter #1</th></tr><tr class="param stripe"><td>firefox</td></tr><tr><th>Exception</th></tr><tr><td><div class="stacktrace">java.lang.IllegalStateException: The driver executable must exist: C:\Users\Mayur Ambekar\eclipse-workspace\Project3_Amazon_Scenarios\Drivers\FirefoxDriver.exe
	at org.openqa.selenium.internal.Require$FileStateChecker.isFile(Require.java:342)
	at org.openqa.selenium.remote.service.DriverService.checkExecutable(DriverService.java:147)
	at org.openqa.selenium.remote.service.DriverService.findExecutable(DriverService.java:142)
	at org.openqa.selenium.firefox.GeckoDriverService.access$100(GeckoDriverService.java:45)
	at org.openqa.selenium.firefox.GeckoDriverService$Builder.findDefaultExecutable(GeckoDriverService.java:181)
	at org.openqa.selenium.remote.service.DriverService$Builder.build(DriverService.java:437)
	at org.openqa.selenium.firefox.GeckoDriverService.createDefaultService(GeckoDriverService.java:94)
	at org.openqa.selenium.firefox.FirefoxDriver.&lt;init&gt;(FirefoxDriver.java:98)
	at org.openqa.selenium.firefox.FirefoxDriver.&lt;init&gt;(FirefoxDriver.java:94)
	at Com.Amazon.TestClasses.TestNG.TestBaseClassAmazon.browserlaunch(TestBaseClassAmazon.java:34)
	at java.base/java.util.ArrayList.forEach(ArrayList.java:1511)
... Removed 23 stack frames</div></td></tr></table><p class="totop"><a href="#summary">back to summary</a></p>
<h3 id="m3">Com.Amazon.TestClasses.TestNG.TC004_VerifyLogoutFunctionalityTestClass#browserlaunch</h3><table class="result"><tr class="param"><th>Parameter #1</th></tr><tr class="param stripe"><td>firefox</td></tr><tr><th>Exception</th></tr><tr><td><div class="stacktrace">java.lang.IllegalStateException: The driver executable must exist: C:\Users\Mayur Ambekar\eclipse-workspace\Project3_Amazon_Scenarios\Drivers\FirefoxDriver.exe
	at org.openqa.selenium.internal.Require$FileStateChecker.isFile(Require.java:342)
	at org.openqa.selenium.remote.service.DriverService.checkExecutable(DriverService.java:147)
	at org.openqa.selenium.remote.service.DriverService.findExecutable(DriverService.java:142)
	at org.openqa.selenium.firefox.GeckoDriverService.access$100(GeckoDriverService.java:45)
	at org.openqa.selenium.firefox.GeckoDriverService$Builder.findDefaultExecutable(GeckoDriverService.java:181)
	at org.openqa.selenium.remote.service.DriverService$Builder.build(DriverService.java:437)
	at org.openqa.selenium.firefox.GeckoDriverService.createDefaultService(GeckoDriverService.java:94)
	at org.openqa.selenium.firefox.FirefoxDriver.&lt;init&gt;(FirefoxDriver.java:98)
	at org.openqa.selenium.firefox.FirefoxDriver.&lt;init&gt;(FirefoxDriver.java:94)
	at Com.Amazon.TestClasses.TestNG.TestBaseClassAmazon.browserlaunch(TestBaseClassAmazon.java:34)
	at java.base/java.util.ArrayList.forEach(ArrayList.java:1511)
... Removed 23 stack frames</div></td></tr></table><p class="totop"><a href="#summary">back to summary</a></p>
<h3 id="m4">Com.Amazon.TestClasses.TestNG.TC001_VerifyLoginFunctionalityTestClass#logot</h3><table class="result"><tr><th class="invisible"/></tr></table><p class="totop"><a href="#summary">back to summary</a></p>
<h3 id="m5">Com.Amazon.TestClasses.TestNG.TC001_VerifyLoginFunctionalityTestClass#setupMethod</h3><table class="result"><tr><th class="invisible"/></tr></table><p class="totop"><a href="#summary">back to summary</a></p>
<h3 id="m6">Com.Amazon.TestClasses.TestNG.TC001_VerifyLoginFunctionalityTestClass#teardown</h3><table class="result"><tr><th class="invisible"/></tr></table><p class="totop"><a href="#summary">back to summary</a></p>
<h3 id="m7">Com.Amazon.TestClasses.TestNG.TC002_VerifyAddToCartFunctionality#logot</h3><table class="result"><tr><th class="invisible"/></tr></table><p class="totop"><a href="#summary">back to summary</a></p>
<h3 id="m8">Com.Amazon.TestClasses.TestNG.TC002_VerifyAddToCartFunctionality#setupMethod</h3><table class="result"><tr><th class="invisible"/></tr></table><p class="totop"><a href="#summary">back to summary</a></p>
<h3 id="m9">Com.Amazon.TestClasses.TestNG.TC002_VerifyAddToCartFunctionality#teardown</h3><table class="result"><tr><th class="invisible"/></tr></table><p class="totop"><a href="#summary">back to summary</a></p>
<h3 id="m10">Com.Amazon.TestClasses.TestNG.TC003_VerifyAmazonPayFunctionality#logot</h3><table class="result"><tr><th class="invisible"/></tr></table><p class="totop"><a href="#summary">back to summary</a></p>
<h3 id="m11">Com.Amazon.TestClasses.TestNG.TC003_VerifyAmazonPayFunctionality#setupMethod</h3><table class="result"><tr><th class="invisible"/></tr></table><p class="totop"><a href="#summary">back to summary</a></p>
<h3 id="m12">Com.Amazon.TestClasses.TestNG.TC003_VerifyAmazonPayFunctionality#teardown</h3><table class="result"><tr><th class="invisible"/></tr></table><p class="totop"><a href="#summary">back to summary</a></p>
<h3 id="m13">Com.Amazon.TestClasses.TestNG.TC004_VerifyLogoutFunctionalityTestClass#logot</h3><table class="result"><tr><th class="invisible"/></tr></table><p class="totop"><a href="#summary">back to summary</a></p>
<h3 id="m14">Com.Amazon.TestClasses.TestNG.TC004_VerifyLogoutFunctionalityTestClass#setupMethod</h3><table class="result"><tr><th class="invisible"/></tr></table><p class="totop"><a href="#summary">back to summary</a></p>
<h3 id="m15">Com.Amazon.TestClasses.TestNG.TC004_VerifyLogoutFunctionalityTestClass#teardown</h3><table class="result"><tr><th class="invisible"/></tr></table><p class="totop"><a href="#summary">back to summary</a></p>
<h3 id="m16">Com.Amazon.TestClasses.TestNG.TC001_VerifyLoginFunctionalityTestClass#loginFuncionality</h3><table class="result"><tr><th>Exception</th></tr><tr><td><div class="stacktrace">java.lang.IllegalStateException: The driver executable must exist: C:\Users\Mayur Ambekar\eclipse-workspace\Project3_Amazon_Scenarios\Drivers\FirefoxDriver.exe
	at org.openqa.selenium.internal.Require$FileStateChecker.isFile(Require.java:342)
	at org.openqa.selenium.remote.service.DriverService.checkExecutable(DriverService.java:147)
	at org.openqa.selenium.remote.service.DriverService.findExecutable(DriverService.java:142)
	at org.openqa.selenium.firefox.GeckoDriverService.access$100(GeckoDriverService.java:45)
	at org.openqa.selenium.firefox.GeckoDriverService$Builder.findDefaultExecutable(GeckoDriverService.java:181)
	at org.openqa.selenium.remote.service.DriverService$Builder.build(DriverService.java:437)
	at org.openqa.selenium.firefox.GeckoDriverService.createDefaultService(GeckoDriverService.java:94)
	at org.openqa.selenium.firefox.FirefoxDriver.&lt;init&gt;(FirefoxDriver.java:98)
	at org.openqa.selenium.firefox.FirefoxDriver.&lt;init&gt;(FirefoxDriver.java:94)
	at Com.Amazon.TestClasses.TestNG.TestBaseClassAmazon.browserlaunch(TestBaseClassAmazon.java:34)
	at java.base/java.util.ArrayList.forEach(ArrayList.java:1511)
... Removed 23 stack frames</div></td></tr></table><p class="totop"><a href="#summary">back to summary</a></p>
<h3 id="m17">Com.Amazon.TestClasses.TestNG.TC002_VerifyAddToCartFunctionality#AddTocart</h3><table class="result"><tr><th>Exception</th></tr><tr><td><div class="stacktrace">java.lang.IllegalStateException: The driver executable must exist: C:\Users\Mayur Ambekar\eclipse-workspace\Project3_Amazon_Scenarios\Drivers\FirefoxDriver.exe
	at org.openqa.selenium.internal.Require$FileStateChecker.isFile(Require.java:342)
	at org.openqa.selenium.remote.service.DriverService.checkExecutable(DriverService.java:147)
	at org.openqa.selenium.remote.service.DriverService.findExecutable(DriverService.java:142)
	at org.openqa.selenium.firefox.GeckoDriverService.access$100(GeckoDriverService.java:45)
	at org.openqa.selenium.firefox.GeckoDriverService$Builder.findDefaultExecutable(GeckoDriverService.java:181)
	at org.openqa.selenium.remote.service.DriverService$Builder.build(DriverService.java:437)
	at org.openqa.selenium.firefox.GeckoDriverService.createDefaultService(GeckoDriverService.java:94)
	at org.openqa.selenium.firefox.FirefoxDriver.&lt;init&gt;(FirefoxDriver.java:98)
	at org.openqa.selenium.firefox.FirefoxDriver.&lt;init&gt;(FirefoxDriver.java:94)
	at Com.Amazon.TestClasses.TestNG.TestBaseClassAmazon.browserlaunch(TestBaseClassAmazon.java:34)
	at java.base/java.util.ArrayList.forEach(ArrayList.java:1511)
... Removed 23 stack frames</div></td></tr></table><p class="totop"><a href="#summary">back to summary</a></p>
<h3 id="m18">Com.Amazon.TestClasses.TestNG.TC003_VerifyAmazonPayFunctionality#amazonPay</h3><table class="result"><tr><th>Exception</th></tr><tr><td><div class="stacktrace">java.lang.IllegalStateException: The driver executable must exist: C:\Users\Mayur Ambekar\eclipse-workspace\Project3_Amazon_Scenarios\Drivers\FirefoxDriver.exe
	at org.openqa.selenium.internal.Require$FileStateChecker.isFile(Require.java:342)
	at org.openqa.selenium.remote.service.DriverService.checkExecutable(DriverService.java:147)
	at org.openqa.selenium.remote.service.DriverService.findExecutable(DriverService.java:142)
	at org.openqa.selenium.firefox.GeckoDriverService.access$100(GeckoDriverService.java:45)
	at org.openqa.selenium.firefox.GeckoDriverService$Builder.findDefaultExecutable(GeckoDriverService.java:181)
	at org.openqa.selenium.remote.service.DriverService$Builder.build(DriverService.java:437)
	at org.openqa.selenium.firefox.GeckoDriverService.createDefaultService(GeckoDriverService.java:94)
	at org.openqa.selenium.firefox.FirefoxDriver.&lt;init&gt;(FirefoxDriver.java:98)
	at org.openqa.selenium.firefox.FirefoxDriver.&lt;init&gt;(FirefoxDriver.java:94)
	at Com.Amazon.TestClasses.TestNG.TestBaseClassAmazon.browserlaunch(TestBaseClassAmazon.java:34)
	at java.base/java.util.ArrayList.forEach(ArrayList.java:1511)
... Removed 23 stack frames</div></td></tr></table><p class="totop"><a href="#summary">back to summary</a></p>
<h3 id="m19">Com.Amazon.TestClasses.TestNG.TC004_VerifyLogoutFunctionalityTestClass#logoutFunctionality</h3><table class="result"><tr><th>Exception</th></tr><tr><td><div class="stacktrace">java.lang.IllegalStateException: The driver executable must exist: C:\Users\Mayur Ambekar\eclipse-workspace\Project3_Amazon_Scenarios\Drivers\FirefoxDriver.exe
	at org.openqa.selenium.internal.Require$FileStateChecker.isFile(Require.java:342)
	at org.openqa.selenium.remote.service.DriverService.checkExecutable(DriverService.java:147)
	at org.openqa.selenium.remote.service.DriverService.findExecutable(DriverService.java:142)
	at org.openqa.selenium.firefox.GeckoDriverService.access$100(GeckoDriverService.java:45)
	at org.openqa.selenium.firefox.GeckoDriverService$Builder.findDefaultExecutable(GeckoDriverService.java:181)
	at org.openqa.selenium.remote.service.DriverService$Builder.build(DriverService.java:437)
	at org.openqa.selenium.firefox.GeckoDriverService.createDefaultService(GeckoDriverService.java:94)
	at org.openqa.selenium.firefox.FirefoxDriver.&lt;init&gt;(FirefoxDriver.java:98)
	at org.openqa.selenium.firefox.FirefoxDriver.&lt;init&gt;(FirefoxDriver.java:94)
	at Com.Amazon.TestClasses.TestNG.TestBaseClassAmazon.browserlaunch(TestBaseClassAmazon.java:34)
	at java.base/java.util.ArrayList.forEach(ArrayList.java:1511)
... Removed 23 stack frames</div></td></tr></table><p class="totop"><a href="#summary">back to summary</a></p>
</body>
</html>
